<?xml version="1.0" encoding="UTF-8"?>
<!-- Generated by org.testng.reporters.JUnitXMLReporter -->
<testsuite ignored="0" hostname="LAPTOP-56NTT3S9" failures="0" tests="3" name="Default test" time="58.948" errors="0" timestamp="2024-03-14T01:29:23 IST">
  <testcase classname="Login_Functionality.LoginTest" name="Login" time="18.391"/>
  <testcase classname="Login_Functionality.LoginTest" name="BalanceCheck" time="7.374"/>
  <testcase classname="Login_Functionality.LoginTest" name="Deposit" time="26.107"/>
</testsuite> <!-- Default test -->
