<?xml version="1.0" encoding="UTF-8"?>
<!-- Generated by org.testng.reporters.JUnitXMLReporter -->
<testsuite ignored="0" hostname="LAPTOP-56NTT3S9" failures="0" tests="3" name="Test" time="64.63" errors="0" timestamp="2024-03-17T18:15:37 IST">
  <testcase classname="Login_Functionality.LoginTest" name="Login" time="23.061"/>
  <testcase classname="Login_Functionality.LoginTest" name="BalanceCheck" time="7.457"/>
  <testcase classname="Login_Functionality.LoginTest" name="Deposit" time="26.448"/>
</testsuite> <!-- Test -->
