<?xml version="1.0" encoding="UTF-8"?>
<testng-results ignored="0" total="3" passed="3" failed="0" skipped="0">
  <reporter-output>
  </reporter-output>
  <suite started-at="2024-03-23T11:20:17 IST" name="Suite" finished-at="2024-03-23T11:21:18 IST" duration-ms="61044">
    <groups>
    </groups>
    <test started-at="2024-03-23T11:20:17 IST" name="Test" finished-at="2024-03-23T11:21:18 IST" duration-ms="61044">
      <class name="Login_Functionality.LoginTest">
        <test-method is-config="true" signature="Setup(java.lang.String)[pri:0, instance:Login_Functionality.LoginTest@5e0e82ae]" started-at="2024-03-23T11:20:17 IST" name="Setup" finished-at="2024-03-23T11:20:19 IST" duration-ms="2246" status="PASS">
          <params>
            <param index="0">
              <value>
                <![CDATA[chrome]]>
              </value>
            </param>
          </params>
          <reporter-output>
          </reporter-output>
        </test-method> <!-- Setup -->
        <test-method signature="Login()[pri:0, instance:Login_Functionality.LoginTest@5e0e82ae]" started-at="2024-03-23T11:20:19 IST" name="Login" finished-at="2024-03-23T11:20:39 IST" duration-ms="19332" status="PASS">
          <reporter-output>
          </reporter-output>
        </test-method> <!-- Login -->
        <test-method signature="BalanceCheck()[pri:1, instance:Login_Functionality.LoginTest@5e0e82ae]" started-at="2024-03-23T11:20:39 IST" name="BalanceCheck" finished-at="2024-03-23T11:20:46 IST" duration-ms="7412" status="PASS">
          <reporter-output>
          </reporter-output>
        </test-method> <!-- BalanceCheck -->
        <test-method signature="Deposit()[pri:2, instance:Login_Functionality.LoginTest@5e0e82ae]" started-at="2024-03-23T11:20:46 IST" name="Deposit" finished-at="2024-03-23T11:21:13 IST" duration-ms="26532" status="PASS">
          <reporter-output>
          </reporter-output>
        </test-method> <!-- Deposit -->
        <test-method is-config="true" signature="TearDown()[pri:0, instance:Login_Functionality.LoginTest@5e0e82ae]" started-at="2024-03-23T11:21:13 IST" name="TearDown" finished-at="2024-03-23T11:21:18 IST" duration-ms="5457" status="PASS">
          <reporter-output>
          </reporter-output>
        </test-method> <!-- TearDown -->
      </class> <!-- Login_Functionality.LoginTest -->
    </test> <!-- Test -->
  </suite> <!-- Suite -->
</testng-results>
